matrixcalc_AMD64 @ DESKTOP-0S11JMP:  ----------
                                     Infos #: 0
                                     ----------

matrixcalc_AMD64 @ DESKTOP-0S11JMP:  -------------
                                     WARNINGS #: 0
                                     -------------

matrixcalc_AMD64 @ DESKTOP-0S11JMP:  -----------
                                     ERRORS #: 0
                                     -----------

matrixcalc_AMD64 @ DESKTOP-0S11JMP:  ----------
                                     Infos #: 0
                                     ----------

matrixcalc_AMD64 @ DESKTOP-0S11JMP:  -------------
                                     WARNINGS #: 0
                                     -------------

matrixcalc_AMD64 @ DESKTOP-0S11JMP:  -----------
                                     ERRORS #: 0
                                     -----------

matrixcalc_AMD64 @ DESKTOP-0S11JMP:  ----------
                                     Infos #: 0
                                     ----------

matrixcalc_AMD64 @ DESKTOP-0S11JMP:  -------------
                                     WARNINGS #: 0
                                     -------------

matrixcalc_AMD64 @ DESKTOP-0S11JMP:  -----------
                                     ERRORS #: 0
                                     -----------

matrixcalc_AMD64 @ DESKTOP-0S11JMP:  ----------
                                     Infos #: 0
                                     ----------

matrixcalc_AMD64 @ DESKTOP-0S11JMP:  -------------
                                     WARNINGS #: 0
                                     -------------

matrixcalc_AMD64 @ DESKTOP-0S11JMP:  -----------
                                     ERRORS #: 0
                                     -----------

matrixcalc_AMD64 @ DESKTOP-0S11JMP:  ----------
                                     Infos #: 0
                                     ----------

matrixcalc_AMD64 @ DESKTOP-0S11JMP:  -------------
                                     WARNINGS #: 0
                                     -------------

matrixcalc_AMD64 @ DESKTOP-0S11JMP:  -----------
                                     ERRORS #: 0
                                     -----------

matrixcalc_AMD64 @ DESKTOP-0S11JMP:  ----------
                                     Infos #: 0
                                     ----------

matrixcalc_AMD64 @ DESKTOP-0S11JMP:  -------------
                                     WARNINGS #: 0
                                     -------------

matrixcalc_AMD64 @ DESKTOP-0S11JMP:  -----------
                                     ERRORS #: 0
                                     -----------

matrixcalc_AMD64 @ DESKTOP-0S11JMP:  ----------
                                     Infos #: 0
                                     ----------

matrixcalc_AMD64 @ DESKTOP-0S11JMP:  -------------
                                     WARNINGS #: 0
                                     -------------

matrixcalc_AMD64 @ DESKTOP-0S11JMP:  -----------
                                     ERRORS #: 0
                                     -----------

matrixcalc_AMD64 @ DESKTOP-0S11JMP:  ----------
                                     Infos #: 0
                                     ----------

matrixcalc_AMD64 @ DESKTOP-0S11JMP:  -------------
                                     WARNINGS #: 0
                                     -------------

matrixcalc_AMD64 @ DESKTOP-0S11JMP:  -----------
                                     ERRORS #: 0
                                     -----------

