11/Jun/2022 18:41:16  Build version: 2020.0 Release from 2019-09-25 (change 724524)

11/Jun/2022 18:41:16  Starting adaptive port meshing.
                      
                      ------------------------------------------------------------------------------
11/Jun/2022 18:41:16  Mode calculation for port 1:
                      
                      ------------------------------------------------------------------------------

                      ------------------------------------------------------------------------------

                      ------------------------------------------------------------------------------
11/Jun/2022 18:41:17  Using generalized port mode solver.
                      
                      ------------------------------------------------------------------------------
11/Jun/2022 18:41:17    ------------------------------- F-Calc 7.75 --------------------------------
                        Port   Mode   Type        Z-Wave        Z-Wave-Sigma  Z-Line        F-Cutoff
                        1      1      TEM         377           1.21e-005     24.6          0.0
                        ----------------------------------------------------------------------------
                      
11/Jun/2022 18:41:17  Pass 1 successfully completed. 

                      ------------------------------------------------------------------------------

                      ------------------------------------------------------------------------------
11/Jun/2022 18:41:19    ------------------------------- F-Calc 7.75 --------------------------------
                        Port   Mode   Type        Z-Wave        Z-Wave-Sigma  Z-Line        F-Cutoff
                        1      1      TEM         377           1.40e-005     24.5          0.0
                        ----------------------------------------------------------------------------
                      
11/Jun/2022 18:41:19  Pass 2 successfully completed. Delta (Line Imp.): 0.16%

                      ------------------------------------------------------------------------------

                      ------------------------------------------------------------------------------
11/Jun/2022 18:41:21    ------------------------------- F-Calc 7.75 --------------------------------
                        Port   Mode   Type        Z-Wave        Z-Wave-Sigma  Z-Line        F-Cutoff
                        1      1      TEM         377           0.0438        24.4          0.0
                        ----------------------------------------------------------------------------
                      
11/Jun/2022 18:41:21  Pass 3 successfully completed. Delta (Line Imp.): 0.51%
11/Jun/2022 18:41:21  Mode calculation for port 2:
                      
                      ------------------------------------------------------------------------------

                      ------------------------------------------------------------------------------

                      ------------------------------------------------------------------------------
11/Jun/2022 18:41:22  Using generalized port mode solver.
                      
                      ------------------------------------------------------------------------------
11/Jun/2022 18:41:22    ------------------------------- F-Calc 7.75 --------------------------------
                        Port   Mode   Type        Z-Wave        Z-Wave-Sigma  Z-Line        F-Cutoff
                        2      1      TEM         377           1.21e-005     24.6          0.0
                        ----------------------------------------------------------------------------
                      
11/Jun/2022 18:41:23  Pass 1 successfully completed. 

                      ------------------------------------------------------------------------------

                      ------------------------------------------------------------------------------
11/Jun/2022 18:41:24    ------------------------------- F-Calc 7.75 --------------------------------
                        Port   Mode   Type        Z-Wave        Z-Wave-Sigma  Z-Line        F-Cutoff
                        2      1      TEM         377           1.40e-005     24.5          0.0
                        ----------------------------------------------------------------------------
                      
11/Jun/2022 18:41:24  Pass 2 successfully completed. Delta (Line Imp.): 0.16%

                      ------------------------------------------------------------------------------

                      ------------------------------------------------------------------------------
11/Jun/2022 18:41:26    ------------------------------- F-Calc 7.75 --------------------------------
                        Port   Mode   Type        Z-Wave        Z-Wave-Sigma  Z-Line        F-Cutoff
                        2      1      TEM         377           0.0438        24.4          0.0
                        ----------------------------------------------------------------------------
                      
11/Jun/2022 18:41:26  Pass 3 successfully completed. Delta (Line Imp.): 0.51%
11/Jun/2022 18:41:26  Adaptive port meshing finished. 
                      
                      ------------------------------------------------------------------------------
11/Jun/2022 18:41:26  *** Warning ***
                      
                      Electric isotropic material [material3]: epsilon value is smaller than 1.0.
                      This may lead to a long simulation time for the transient solver, please check.
                      
                      ------------------------------------------------------------------------------
11/Jun/2022 18:41:26  
                      Solver started at: 06:41 PM Saturday, 11. June 2022 (中国标准时间)
                      
                        Module:  Time Domain: S-Parameter (Win 64)
                        Version: 2020.0 Release from 2019-09-25 (change 724524)
                      

                      ------------------------------------------------------------------------------

                      ------------------------------------------------------------------------------
11/Jun/2022 18:41:26  ======================================================================
                       Solver cycle: 1
                      ======================================================================
                      
                      Stimulation at port 1 (mode 1) 
                      
                      
                      
                      ------------------------------------------------------------------------------
11/Jun/2022 18:41:26  Units settings: 
                      
                        Dimensions: mm
                        Frequency:  GHz
                        Time:       ns
                      
                      ------------------------------------------------------------------------------
11/Jun/2022 18:41:52  *** Warning ***
                      
11/Jun/2022 18:41:52  A value smaller than 1.0 was found during the assembly of the electric material "material3". This will probably lead to 
                      a long simulation time, please check.
                      
                      ------------------------------------------------------------------------------
11/Jun/2022 18:41:52  Mesh statistics:
                      
                         Hexahedral mesh type: PBA [Version: default]
                      
                         Parallelization type: domain decomposition
                            Number of parallel working threads: 2
                            Number of calculation domains used: 2
                      
                         Used point accuracy enhancement value: 75.00%.
                         PBA fill limit: 99.00% (inverse)

11/Jun/2022 18:41:52  Using generalized port mode solver.
                      
                      ------------------------------------------------------------------------------
11/Jun/2022 18:41:52  Boundary conditions: 
                      
                        YZsymmetry: none
                        XZsymmetry: none
                        XYsymmetry: none
                      
                        Xmin: electric
                        Xmax: electric
                      
                        Ymin: electric
                        Ymax: electric
                      
                        Zmin: electric
                        Zmax: electric
                      
                        PML-Type: ---
                      
                      ------------------------------------------------------------------------------
11/Jun/2022 18:41:52  Frequency settings: 
                      
                        Fmin:         0.5
                        Fmax:         15
                        Nfsteps(lin): 1001
                      
                      ------------------------------------------------------------------------------
11/Jun/2022 18:41:52  Field update statistics:
                      
                        Number of components in total: 	326924
                        Number of TST elements:		24696
                      
                      Subcycling state:      Automatically deactivated
                      
                      ------------------------------------------------------------------------------
11/Jun/2022 18:41:52  Waveguide boundaries:
                      
11/Jun/2022 18:41:52  Port: 1
                      
11/Jun/2022 18:41:52    ------------------------------- F-Calc 7.75 --------------------------------
                        Port   Mode   Type        Z-Wave        Z-Wave-Sigma  Z-Line        F-Cutoff
                        1      1      TEM         377           1.21e-005     24.4          0.0
                        ----------------------------------------------------------------------------
                      
11/Jun/2022 18:41:52  Port: 2
                      
11/Jun/2022 18:41:52    ------------------------------- F-Calc 7.75 --------------------------------
                        Port   Mode   Type        Z-Wave        Z-Wave-Sigma  Z-Line        F-Cutoff
                        2      1      TEM         377           1.21e-005     24.4          0.0
                        ----------------------------------------------------------------------------
                      
11/Jun/2022 18:41:53  
                      --------------------------------------------------------------------------------
11/Jun/2022 18:41:53  Steady state energy criterion met, solver finished successfully.
                      
                      ------------------------------------------------------------------------------
11/Jun/2022 18:41:53  Frequency domain results normalized to default signal.
                      
                      
                      ------------------------------------------------------------------------------
11/Jun/2022 18:41:53  
                        ----------------------------------------------------------------------------
                                            Peak memory used (kB)         Free physical memory (kB) 
                                                                          At begin     Minimum      
                        ----------------------------------------------------------------------------
                        CAD preparation     20868                         21213448     21213448     
                        Matrices calc.      512695                        21204101     20690429     
                        Solver run total    30744                         21239752     20710748     
                        ----------------------------------------------------------------------------
                      
                      --------------------------------------------------------------------------------
                      Solver Statistics:
                      
                        Hardware:
                           Computer name:                 	DESKTOP-0S11JMP 
                      
                           Number of CPU threads:               6
                           Hardware info:                  	Hardware Accelerator Device not activated
                      
                        Number of mesh cells:             	49536
                        Excitation duration:              	4.90282586e-001 ns 
                        Calculation time for excitation:  	1 	s
                        Number of calculated pulse widths:	4.02516 
                        Steady state accuracy limit:      	-40	dB 
                        Simulated number of time steps:   	4984 
                        Maximum number of time steps:     	24764 
                        Time step width:
                           without subcycles:             	3.95960083e-004 ns
                           used:                          	3.95960083e-004 ns
                      
                        CAD preparation time:             	0      	s
                        Matrix calculation time:          	25 	s
                        Solver setup time:                	0 	s
                        Solver loop time:                 	0 	s
                        Solver post processing time:      	0 	s
                                                          	------------
                        Total solver time:                	25 	s
                      
                      ------------------------------------------------------------------------------
11/Jun/2022 18:41:53  ======================================================================
                       Solver cycle: 2
                      ======================================================================
                      
                      Stimulation at port 2 (mode 1) 
                      
                      
                      
                      ------------------------------------------------------------------------------
11/Jun/2022 18:41:53  Units settings: 
                      
                        Dimensions: mm
                        Frequency:  GHz
                        Time:       ns
                      
                      ------------------------------------------------------------------------------
11/Jun/2022 18:41:54  Boundary conditions: 
                      
                        YZsymmetry: none
                        XZsymmetry: none
                        XYsymmetry: none
                      
                        Xmin: electric
                        Xmax: electric
                      
                        Ymin: electric
                        Ymax: electric
                      
                        Zmin: electric
                        Zmax: electric
                      
                        PML-Type: ---
                      
                      ------------------------------------------------------------------------------
11/Jun/2022 18:41:54  Frequency settings: 
                      
                        Fmin:         0.5
                        Fmax:         15
                        Nfsteps(lin): 1001
                      
                      ------------------------------------------------------------------------------
11/Jun/2022 18:41:54  Field update statistics:
                      
                        Number of components in total: 	326924
                        Number of TST elements:		24696
                      
                      Subcycling state:      Automatically deactivated
                      
                      ------------------------------------------------------------------------------
11/Jun/2022 18:41:55  
                      --------------------------------------------------------------------------------
11/Jun/2022 18:41:55  Steady state energy criterion met, solver finished successfully.
                      
                      ------------------------------------------------------------------------------
11/Jun/2022 18:41:55  Frequency domain results normalized to default signal.
                      
                      
                      ------------------------------------------------------------------------------
11/Jun/2022 18:41:55  
                        ----------------------------------------------------------------------------
                                            Peak memory used (kB)         Free physical memory (kB) 
                                                                          At begin     Minimum      
                        ----------------------------------------------------------------------------
                        CAD preparation     20868                         21213448     21213448     
                        Matrices calc.      512695                        21204101     20690429     
                        Solver run total    69608                         21144116     21131196     
                        ----------------------------------------------------------------------------
                      
                      --------------------------------------------------------------------------------
                      Solver Statistics:
                      
                        Hardware:
                           Computer name:                 	DESKTOP-0S11JMP 
                      
                           Number of CPU threads:               6
                           Hardware info:                  	Hardware Accelerator Device not activated
                      
                        Number of mesh cells:             	49536
                        Excitation duration:              	4.90282586e-001 ns 
                        Calculation time for excitation:  	0 	s
                        Number of calculated pulse widths:	4.02516 
                        Steady state accuracy limit:      	-40	dB 
                        Simulated number of time steps:   	4984 
                        Maximum number of time steps:     	24764 
                        Time step width:
                           without subcycles:             	3.95960083e-004 ns
                           used:                          	3.95960083e-004 ns
                      
                        Reloading matrices:               	0 	s
                        Solver setup time:                	0 	s
                        Solver loop time:                 	0 	s
                        Solver post processing time:      	0 	s
                                                          	------------
                        Total solver time:                	0 	s
                      
                      ------------------------------------------------------------------------------
11/Jun/2022 18:41:55  
                        Adaptive port meshing time:          	11     	s
                        Total solver time (all cycles):      	25     	s
                        solver initialization and clean-up:  	3      	s
                                                             	------------
                        Total simulation time:               	39     	s
                      
                      ------------------------------------------------------------------------------
11/Jun/2022 18:41:55  Solver finished at: 06:41 PM Saturday, 11. June 2022
                      
                      
                      
                      ------------------------------------------------------------------------------
11/Jun/2022 18:41:57  Creating parametric 1D results for Run ID 1
                      
                      ------------------------------------------------------------------------------
