11/Jun/2022 18:53:05  Build version: 2020.0 Release from 2019-09-25 (change 724524)

11/Jun/2022 18:53:05  Starting adaptive port meshing.
                      
                      ------------------------------------------------------------------------------
11/Jun/2022 18:53:05  Mode calculation for port 1:
                      
                      ------------------------------------------------------------------------------

                      ------------------------------------------------------------------------------

                      ------------------------------------------------------------------------------
11/Jun/2022 18:53:06  Using generalized port mode solver.
                      
                      ------------------------------------------------------------------------------
11/Jun/2022 18:53:06    ------------------------------- F-Calc 5.25 --------------------------------
                        Port   Mode   Type        Z-Wave        Z-Wave-Sigma  Z-Line        F-Cutoff
                        1      1      QTEM        367           48.7          24            ---
                        ----------------------------------------------------------------------------
                      
11/Jun/2022 18:53:07  Pass 1 successfully completed. 

                      ------------------------------------------------------------------------------

                      ------------------------------------------------------------------------------
11/Jun/2022 18:53:08    ------------------------------- F-Calc 5.25 --------------------------------
                        Port   Mode   Type        Z-Wave        Z-Wave-Sigma  Z-Line        F-Cutoff
                        1      1      TEM         377           1.02e-005     24.7          0.0
                        ----------------------------------------------------------------------------
                      
11/Jun/2022 18:53:08  Pass 2 successfully completed. Delta (Line Imp.): 2.62%

                      ------------------------------------------------------------------------------

                      ------------------------------------------------------------------------------
11/Jun/2022 18:53:10    ------------------------------- F-Calc 5.25 --------------------------------
                        Port   Mode   Type        Z-Wave        Z-Wave-Sigma  Z-Line        F-Cutoff
                        1      1      TEM         377           1.23e-005     24.7          0.0
                        ----------------------------------------------------------------------------
                      
11/Jun/2022 18:53:10  Pass 3 successfully completed. Delta (Line Imp.): 0.12%

                      ------------------------------------------------------------------------------

                      ------------------------------------------------------------------------------
11/Jun/2022 18:53:13    ------------------------------- F-Calc 5.25 --------------------------------
                        Port   Mode   Type        Z-Wave        Z-Wave-Sigma  Z-Line        F-Cutoff
                        1      1      TEM         377           1.11e-005     24.4          0.0
                        ----------------------------------------------------------------------------
                      
11/Jun/2022 18:53:13  Pass 4 successfully completed. Delta (Line Imp.): 1.39%
11/Jun/2022 18:53:13  Mode calculation for port 2:
                      
                      ------------------------------------------------------------------------------

                      ------------------------------------------------------------------------------

                      ------------------------------------------------------------------------------
11/Jun/2022 18:53:14  Using generalized port mode solver.
                      
                      ------------------------------------------------------------------------------
11/Jun/2022 18:53:14    ------------------------------- F-Calc 5.25 --------------------------------
                        Port   Mode   Type        Z-Wave        Z-Wave-Sigma  Z-Line        F-Cutoff
                        2      1      QTEM        367           48.7          24            ---
                        ----------------------------------------------------------------------------
                      
11/Jun/2022 18:53:14  Pass 1 successfully completed. 

                      ------------------------------------------------------------------------------

                      ------------------------------------------------------------------------------
11/Jun/2022 18:53:16    ------------------------------- F-Calc 5.25 --------------------------------
                        Port   Mode   Type        Z-Wave        Z-Wave-Sigma  Z-Line        F-Cutoff
                        2      1      TEM         377           1.02e-005     24.7          0.0
                        ----------------------------------------------------------------------------
                      
11/Jun/2022 18:53:16  Pass 2 successfully completed. Delta (Line Imp.): 2.62%

                      ------------------------------------------------------------------------------

                      ------------------------------------------------------------------------------
11/Jun/2022 18:53:18    ------------------------------- F-Calc 5.25 --------------------------------
                        Port   Mode   Type        Z-Wave        Z-Wave-Sigma  Z-Line        F-Cutoff
                        2      1      TEM         377           1.23e-005     24.7          0.0
                        ----------------------------------------------------------------------------
                      
11/Jun/2022 18:53:18  Pass 3 successfully completed. Delta (Line Imp.): 0.12%

                      ------------------------------------------------------------------------------

                      ------------------------------------------------------------------------------
11/Jun/2022 18:53:20    ------------------------------- F-Calc 5.25 --------------------------------
                        Port   Mode   Type        Z-Wave        Z-Wave-Sigma  Z-Line        F-Cutoff
                        2      1      TEM         377           1.11e-005     24.4          0.0
                        ----------------------------------------------------------------------------
                      
11/Jun/2022 18:53:20  Pass 4 successfully completed. Delta (Line Imp.): 1.39%
11/Jun/2022 18:53:20  Adaptive port meshing finished. 
                      
                      ------------------------------------------------------------------------------
11/Jun/2022 18:53:20  *** Warning ***
                      
                      Electric isotropic material [material3]: epsilon value is smaller than 1.0.
                      This may lead to a long simulation time for the transient solver, please check.
                      
                      ------------------------------------------------------------------------------
11/Jun/2022 18:53:21  
                      Solver started at: 06:53 PM Saturday, 11. June 2022 (中国标准时间)
                      
                        Module:  Time Domain: S-Parameter (Win 64)
                        Version: 2020.0 Release from 2019-09-25 (change 724524)
                      

                      ------------------------------------------------------------------------------

                      ------------------------------------------------------------------------------
11/Jun/2022 18:53:21  ======================================================================
                       Solver cycle: 1
                      ======================================================================
                      
                      Stimulation at port 1 (mode 1) 
                      
                      
                      
                      ------------------------------------------------------------------------------
11/Jun/2022 18:53:21  Units settings: 
                      
                        Dimensions: mm
                        Frequency:  GHz
                        Time:       ns
                      
                      ------------------------------------------------------------------------------
11/Jun/2022 18:53:48  *** Warning ***
                      
11/Jun/2022 18:53:48  A value smaller than 1.0 was found during the assembly of the electric material "material3". This will probably lead to 
                      a long simulation time, please check.
                      
                      ------------------------------------------------------------------------------
11/Jun/2022 18:53:48  Mesh statistics:
                      
                         Hexahedral mesh type: PBA [Version: default]
                      
                         Parallelization type: domain decomposition
                            Number of parallel working threads: 1
                            Number of calculation domains used: 1
                      
                         Used point accuracy enhancement value: 75.00%.
                         PBA fill limit: 99.00% (inverse)

11/Jun/2022 18:53:48  Using generalized port mode solver.
                      
                      ------------------------------------------------------------------------------
11/Jun/2022 18:53:48  Boundary conditions: 
                      
                        YZsymmetry: none
                        XZsymmetry: none
                        XYsymmetry: none
                      
                        Xmin: electric
                        Xmax: electric
                      
                        Ymin: electric
                        Ymax: electric
                      
                        Zmin: electric
                        Zmax: electric
                      
                        PML-Type: ---
                      
                      ------------------------------------------------------------------------------
11/Jun/2022 18:53:48  Frequency settings: 
                      
                        Fmin:         0.5
                        Fmax:         10
                        Nfsteps(lin): 1001
                      
                      ------------------------------------------------------------------------------
11/Jun/2022 18:53:48  Field update statistics:
                      
                        Number of components in total: 	106258
                        Number of TST elements:		22696
                      
                      Subcycling state:      Automatically deactivated
                      
                      ------------------------------------------------------------------------------
11/Jun/2022 18:53:48  Waveguide boundaries:
                      
11/Jun/2022 18:53:48  Port: 1
                      
11/Jun/2022 18:53:48    ------------------------------- F-Calc 5.25 --------------------------------
                        Port   Mode   Type        Z-Wave        Z-Wave-Sigma  Z-Line        F-Cutoff
                        1      1      QTEM        367           48.7          24.4          ---
                        ----------------------------------------------------------------------------
                      
11/Jun/2022 18:53:48  Port: 2
                      
11/Jun/2022 18:53:48    ------------------------------- F-Calc 5.25 --------------------------------
                        Port   Mode   Type        Z-Wave        Z-Wave-Sigma  Z-Line        F-Cutoff
                        2      1      QTEM        367           48.7          24.4          ---
                        ----------------------------------------------------------------------------
                      
11/Jun/2022 18:53:50  
                      --------------------------------------------------------------------------------
11/Jun/2022 18:53:50  Steady state energy criterion met, solver finished successfully.
                      
                      ------------------------------------------------------------------------------
11/Jun/2022 18:53:50  Frequency domain results normalized to default signal.
                      
                      
                      ------------------------------------------------------------------------------
11/Jun/2022 18:53:50  
                        ----------------------------------------------------------------------------
                                            Peak memory used (kB)         Free physical memory (kB) 
                                                                          At begin     Minimum      
                        ----------------------------------------------------------------------------
                        CAD preparation     20932                         20687428     20687428     
                        Matrices calc.      200195                        20674804     20447265     
                        Solver run total    45280                         20724548     20450512     
                        ----------------------------------------------------------------------------
                      
                      --------------------------------------------------------------------------------
                      Solver Statistics:
                      
                        Hardware:
                           Computer name:                 	DESKTOP-0S11JMP 
                      
                           Number of CPU threads:               6
                           Hardware info:                  	Hardware Accelerator Device not activated
                      
                        Number of mesh cells:             	14720
                        Excitation duration:              	7.48326052e-001 ns 
                        Calculation time for excitation:  	1 	s
                        Number of calculated pulse widths:	2.92001 
                        Steady state accuracy limit:      	-60	dB 
                        Simulated number of time steps:   	8316 
                        Maximum number of time steps:     	56958 
                        Time step width:
                           without subcycles:             	2.62760604e-004 ns
                           used:                          	2.62760604e-004 ns
                      
                        CAD preparation time:             	0      	s
                        Matrix calculation time:          	27 	s
                        Solver setup time:                	0 	s
                        Solver loop time:                 	0 	s
                        Solver post processing time:      	0 	s
                                                          	------------
                        Total solver time:                	27 	s
                      
                      ------------------------------------------------------------------------------
11/Jun/2022 18:53:50  ======================================================================
                       Solver cycle: 2
                      ======================================================================
                      
                      Stimulation at port 2 (mode 1) 
                      
                      
                      
                      ------------------------------------------------------------------------------
11/Jun/2022 18:53:50  Units settings: 
                      
                        Dimensions: mm
                        Frequency:  GHz
                        Time:       ns
                      
                      ------------------------------------------------------------------------------
11/Jun/2022 18:53:50  Boundary conditions: 
                      
                        YZsymmetry: none
                        XZsymmetry: none
                        XYsymmetry: none
                      
                        Xmin: electric
                        Xmax: electric
                      
                        Ymin: electric
                        Ymax: electric
                      
                        Zmin: electric
                        Zmax: electric
                      
                        PML-Type: ---
                      
                      ------------------------------------------------------------------------------
11/Jun/2022 18:53:50  Frequency settings: 
                      
                        Fmin:         0.5
                        Fmax:         10
                        Nfsteps(lin): 1001
                      
                      ------------------------------------------------------------------------------
11/Jun/2022 18:53:50  Field update statistics:
                      
                        Number of components in total: 	106258
                        Number of TST elements:		22696
                      
                      Subcycling state:      Automatically deactivated
                      
                      ------------------------------------------------------------------------------
11/Jun/2022 18:53:51  
                      --------------------------------------------------------------------------------
11/Jun/2022 18:53:51  Steady state energy criterion met, solver finished successfully.
                      
                      ------------------------------------------------------------------------------
11/Jun/2022 18:53:51  Frequency domain results normalized to default signal.
                      
                      
                      ------------------------------------------------------------------------------
11/Jun/2022 18:53:51  
                        ----------------------------------------------------------------------------
                                            Peak memory used (kB)         Free physical memory (kB) 
                                                                          At begin     Minimum      
                        ----------------------------------------------------------------------------
                        CAD preparation     20932                         20687428     20687428     
                        Matrices calc.      200195                        20674804     20447265     
                        Solver run total    50608                         20666516     20666516     
                        ----------------------------------------------------------------------------
                      
                      --------------------------------------------------------------------------------
                      Solver Statistics:
                      
                        Hardware:
                           Computer name:                 	DESKTOP-0S11JMP 
                      
                           Number of CPU threads:               6
                           Hardware info:                  	Hardware Accelerator Device not activated
                      
                        Number of mesh cells:             	14720
                        Excitation duration:              	7.48326052e-001 ns 
                        Calculation time for excitation:  	0 	s
                        Number of calculated pulse widths:	2.92001 
                        Steady state accuracy limit:      	-60	dB 
                        Simulated number of time steps:   	8316 
                        Maximum number of time steps:     	56958 
                        Time step width:
                           without subcycles:             	2.62760604e-004 ns
                           used:                          	2.62760604e-004 ns
                      
                        Reloading matrices:               	0 	s
                        Solver setup time:                	0 	s
                        Solver loop time:                 	0 	s
                        Solver post processing time:      	0 	s
                                                          	------------
                        Total solver time:                	0 	s
                      
                      ------------------------------------------------------------------------------
11/Jun/2022 18:53:51  
                        Adaptive port meshing time:          	16     	s
                        Total solver time (all cycles):      	27     	s
                        solver initialization and clean-up:  	3      	s
                                                             	------------
                        Total simulation time:               	46     	s
                      
                      ------------------------------------------------------------------------------
11/Jun/2022 18:53:51  Solver finished at: 06:53 PM Saturday, 11. June 2022
                      
                      
                      
                      ------------------------------------------------------------------------------
11/Jun/2022 18:53:53  Creating parametric 1D results for Run ID 1
                      
                      ------------------------------------------------------------------------------
